[2016-03-23 16:55:51] slim-app.DEBUG: nombre=ricardo [] {"uid":"088283d"}
[2016-03-23 17:26:56] slim-app.DEBUG: nombre=ricardo [] {"uid":"8169952"}
[2016-03-23 17:38:25] slim-app.DEBUG: nombre=ricardo [] {"uid":"f1f210c"}
[2016-03-23 17:38:38] slim-app.DEBUG: nombre=ricardo [] {"uid":"4d1373e"}
[2016-03-23 17:38:40] slim-app.DEBUG: nombre=ricardo [] {"uid":"825df25"}
[2016-03-23 17:39:14] slim-app.DEBUG: nombre=ricardo [] {"uid":"24d6b15"}
[2016-03-23 17:39:55] slim-app.DEBUG: listar: nombre=ricardo [] {"uid":"14b1c59"}
[2016-03-23 18:00:50] slim-app.DEBUG: listar: nombre=ricardo [] {"uid":"9f9aa36"}
[2016-03-23 18:00:59] slim-app.DEBUG: listar: usuario=ricardo2 [] {"uid":"f78c409"}
[2016-03-23 18:22:46] slim-app.DEBUG: listar: usuario=ricardo2 [] {"uid":"5fce0ab"}
[2016-03-23 18:22:47] slim-app.DEBUG: listar: usuario=ricardo2 [] {"uid":"39c006d"}
[2016-03-23 18:22:50] slim-app.DEBUG: nombre=ricardo [] {"uid":"4a0ea58"}
[2016-03-23 18:50:32] slim-app.DEBUG: nombre=ricardo [] {"uid":"e50d7f7"}
[2016-03-23 18:50:33] slim-app.DEBUG: nombre=ricardo [] {"uid":"ad59dde"}
[2016-03-23 18:51:12] slim-app.DEBUG: nombre=ricardo [] {"uid":"022d581"}
[2016-03-23 18:55:42] slim-app.DEBUG: nombre=ricardo [] {"uid":"60156a1"}
[2016-03-23 18:55:43] slim-app.DEBUG: nombre=ricardo [] {"uid":"79b5d42"}
[2016-03-23 18:57:09] slim-app.DEBUG: nombre=ricardo [] {"uid":"c320ab9"}
[2016-03-23 18:57:10] slim-app.DEBUG: nombre=ricardo [] {"uid":"0ad9597"}
[2016-03-23 18:57:27] slim-app.DEBUG: nombre=ricardo [] {"uid":"1e60885"}
[2016-03-23 18:57:41] slim-app.DEBUG: nombre=ricardo [] {"uid":"e74a445"}
[2016-03-23 18:58:21] slim-app.DEBUG: nombre=ricardo [] {"uid":"8563218"}
[2016-03-23 18:58:30] slim-app.DEBUG: usuario=ricardo [] {"uid":"b8f9993"}
[2016-03-23 18:58:34] slim-app.DEBUG: usuario=ricardo2 [] {"uid":"1ba2bde"}
[2016-03-23 18:59:22] slim-app.DEBUG: usuario=ricardo2 [] {"uid":"882ecd2"}
[2016-03-23 18:59:43] slim-app.DEBUG: usuario=omar [] {"uid":"f0645c3"}
[2016-03-23 18:59:52] slim-app.DEBUG: usuario=ricardo [] {"uid":"68103c5"}
[2016-03-23 19:00:12] slim-app.DEBUG: usuario=ricardo [] {"uid":"489d3e5"}
[2016-03-23 19:00:16] slim-app.DEBUG: usuario=omar [] {"uid":"ac65f2d"}
[2016-03-23 19:00:32] slim-app.DEBUG: usuario=omar [] {"uid":"6ecbc88"}
[2016-03-23 19:00:38] slim-app.DEBUG: usuario=omar2 [] {"uid":"d347f5d"}
[2016-03-23 19:00:44] slim-app.DEBUG: usuario=ricardo [] {"uid":"61f8b11"}
[2016-03-23 19:00:56] slim-app.DEBUG: contrasena=ricardo [] {"uid":"2e64edf"}
[2016-03-23 19:01:03] slim-app.DEBUG: contrasena=1234 [] {"uid":"bbd577c"}
[2016-03-23 19:01:15] slim-app.DEBUG: nombre=ricardo [] {"uid":"8ccfdf7"}
[2016-03-23 19:02:27] slim-app.DEBUG: listar: usuario=ricardo2 [] {"uid":"5c11612"}
[2016-03-23 19:02:35] slim-app.DEBUG: listar: nombre=ricardo2 [] {"uid":"95f4e74"}
[2016-03-23 19:02:41] slim-app.DEBUG: listar: nombre=ricardo [] {"uid":"309b1d5"}
[2016-03-23 19:02:45] slim-app.DEBUG: listar: nombre=ricardo 2 [] {"uid":"f358ece"}
[2016-03-23 19:09:32] slim-app.DEBUG: listar: nombre=ricardo 2 [] {"uid":"e4b259a"}
[2016-03-23 19:14:59] slim-app.DEBUG: listar: HTTP/1.1 200 OK Content-Type: text/html; charset=UTF-8   [] {"uid":"66669d4"}
